0 info it worked if it ends with ok
1 verbose cli [ 'node', '/usr/local/bin/npm', 'build', '.' ]
2 info using npm@1.4.28
3 info using node@v0.10.32
4 info build /Users/HMvanRossum/Documents/Programming/crispr/node_modules/vienna_rna
5 info preinstall vienna_rna@1.0.0
6 verbose linkStuff [ false,
6 verbose linkStuff   false,
6 verbose linkStuff   false,
6 verbose linkStuff   '/Users/HMvanRossum/Documents/Programming/crispr/node_modules' ]
7 info linkStuff vienna_rna@1.0.0
8 verbose linkBins vienna_rna@1.0.0
9 verbose linkMans vienna_rna@1.0.0
10 verbose rebuildBundles vienna_rna@1.0.0
11 info install vienna_rna@1.0.0
12 verbose unsafe-perm in lifecycle true
13 info vienna_rna@1.0.0 Failed to exec install script
14 error vienna_rna@1.0.0 install: `node-gyp rebuild`
14 error Exit status 1
15 error Failed at the vienna_rna@1.0.0 install script.
15 error This is most likely a problem with the vienna_rna package,
15 error not with npm itself.
15 error Tell the author that this fails on your system:
15 error     node-gyp rebuild
15 error You can get their info via:
15 error     npm owner ls vienna_rna
15 error There is likely additional logging output above.
16 error System Darwin 14.0.0
17 error command "node" "/usr/local/bin/npm" "build" "."
18 error cwd /Users/HMvanRossum/Documents/Programming/crispr/node_modules/vienna_rna
19 error node -v v0.10.32
20 error npm -v 1.4.28
21 error code ELIFECYCLE
22 verbose exit [ 1, true ]
